<?xml version="1.0" encoding="UTF-8"?>
<!-- Generated by org.testng.reporters.JUnitReportReporter -->
<testsuite hostname="Gopi-PC" failures="0" tests="1" name="Google_Home_Page.GoogleTest" time="18.897" errors="0" timestamp="2024-07-03T13:50:14 IST" skipped="0">
  <testcase classname="Google_Home_Page.GoogleTest" name="google" time="18.897"/>
  <system-out/>
</testsuite> <!-- Google_Home_Page.GoogleTest -->
